<?xml version="1.0" encoding="UTF-8"?>
<coverage generated="1706912186035" clover="3.2.0">
  <project timestamp="1706912186035" name="All files">
    <metrics statements="18" coveredstatements="18" conditionals="6" coveredconditionals="6" methods="5" coveredmethods="5" elements="29" coveredelements="29" complexity="0" loc="18" ncloc="18" packages="1" files="1" classes="1"/>
    <file name="validator.js" path="C:\Сергей\Python\Курс Нетология\JavaScript_AB\Task_4.1\src\js\validator\validator.js">
      <metrics statements="18" coveredstatements="18" conditionals="6" coveredconditionals="6" methods="5" coveredmethods="5"/>
      <line num="2" count="18" type="stmt"/>
      <line num="10" count="18" type="stmt"/>
      <line num="11" count="18" type="stmt"/>
      <line num="13" count="18" type="cond" truecount="2" falsecount="0"/>
      <line num="14" count="15" type="stmt"/>
      <line num="15" count="45" type="cond" truecount="2" falsecount="0"/>
      <line num="16" count="15" type="stmt"/>
      <line num="20" count="3" type="stmt"/>
      <line num="24" count="288" type="stmt"/>
      <line num="26" count="18" type="stmt"/>
      <line num="27" count="18" type="stmt"/>
      <line num="28" count="18" type="stmt"/>
      <line num="29" count="270" type="cond" truecount="2" falsecount="0"/>
      <line num="30" count="126" type="stmt"/>
      <line num="32" count="144" type="stmt"/>
      <line num="35" count="18" type="stmt"/>
      <line num="39" count="333" type="stmt"/>
      <line num="40" count="270" type="stmt"/>
    </file>
  </project>
</coverage>
