{"C:\\Сергей\\Python\\Курс Нетология\\JavaScript_AB\\Task_4.1\\src\\js\\validator\\validator.js": {"path":"C:\\Сергей\\Python\\Курс Нетология\\JavaScript_AB\\Task_4.1\\src\\js\\validator\\validator.js","statementMap":{"0":{"start":{"line":2,"column":21},"end":{"line":8,"column":3}},"1":{"start":{"line":10,"column":13},"end":{"line":10,"column":39}},"2":{"start":{"line":11,"column":17},"end":{"line":11,"column":36}},"3":{"start":{"line":13,"column":2},"end":{"line":19,"column":3}},"4":{"start":{"line":14,"column":4},"end":{"line":18,"column":5}},"5":{"start":{"line":15,"column":6},"end":{"line":17,"column":7}},"6":{"start":{"line":16,"column":8},"end":{"line":16,"column":44}},"7":{"start":{"line":20,"column":2},"end":{"line":20,"column":26}},"8":{"start":{"line":24,"column":17},"end":{"line":24,"column":67}},"9":{"start":{"line":24,"column":57},"end":{"line":24,"column":66}},"10":{"start":{"line":26,"column":20},"end":{"line":26,"column":33}},"11":{"start":{"line":27,"column":12},"end":{"line":27,"column":13}},"12":{"start":{"line":28,"column":2},"end":{"line":34,"column":3}},"13":{"start":{"line":28,"column":15},"end":{"line":28,"column":16}},"14":{"start":{"line":29,"column":4},"end":{"line":33,"column":5}},"15":{"start":{"line":30,"column":6},"end":{"line":30,"column":37}},"16":{"start":{"line":32,"column":6},"end":{"line":32,"column":41}},"17":{"start":{"line":35,"column":2},"end":{"line":35,"column":58}},"18":{"start":{"line":39,"column":15},"end":{"line":39,"column":102}},"19":{"start":{"line":39,"column":73},"end":{"line":39,"column":98}},"20":{"start":{"line":40,"column":2},"end":{"line":40,"column":14}}},"fnMap":{"0":{"name":"isValid","decl":{"start":{"line":1,"column":24},"end":{"line":1,"column":31}},"loc":{"start":{"line":1,"column":39},"end":{"line":21,"column":1}},"line":1},"1":{"name":"luhnChecking","decl":{"start":{"line":23,"column":9},"end":{"line":23,"column":21}},"loc":{"start":{"line":23,"column":29},"end":{"line":36,"column":1}},"line":23},"2":{"name":"(anonymous_2)","decl":{"start":{"line":24,"column":50},"end":{"line":24,"column":51}},"loc":{"start":{"line":24,"column":57},"end":{"line":24,"column":66}},"line":24},"3":{"name":"sumDigit","decl":{"start":{"line":38,"column":9},"end":{"line":38,"column":17}},"loc":{"start":{"line":38,"column":25},"end":{"line":41,"column":1}},"line":38},"4":{"name":"(anonymous_4)","decl":{"start":{"line":39,"column":51},"end":{"line":39,"column":52}},"loc":{"start":{"line":39,"column":73},"end":{"line":39,"column":98}},"line":39}},"branchMap":{"0":{"loc":{"start":{"line":13,"column":2},"end":{"line":19,"column":3}},"type":"if","locations":[{"start":{"line":13,"column":2},"end":{"line":19,"column":3}},{"start":{},"end":{}}],"line":13},"1":{"loc":{"start":{"line":15,"column":6},"end":{"line":17,"column":7}},"type":"if","locations":[{"start":{"line":15,"column":6},"end":{"line":17,"column":7}},{"start":{},"end":{}}],"line":15},"2":{"loc":{"start":{"line":29,"column":4},"end":{"line":33,"column":5}},"type":"if","locations":[{"start":{"line":29,"column":4},"end":{"line":33,"column":5}},{"start":{"line":31,"column":11},"end":{"line":33,"column":5}}],"line":29}},"s":{"0":18,"1":18,"2":18,"3":18,"4":15,"5":45,"6":15,"7":3,"8":18,"9":288,"10":18,"11":18,"12":18,"13":18,"14":270,"15":126,"16":144,"17":18,"18":270,"19":333,"20":270},"f":{"0":18,"1":18,"2":288,"3":270,"4":333},"b":{"0":[15,3],"1":[15,30],"2":[126,144]},"_coverageSchema":"1a1c01bbd47fc00a2c39e90264f33305004495a9","hash":"edf38ddd391cc484677e266f345c89fbcb1c33ec"}
}
