TN:
SF:src\js\validator\validator.js
FN:1,isValid
FN:23,luhnChecking
FN:24,(anonymous_2)
FN:38,sumDigit
FN:39,(anonymous_4)
FNF:5
FNH:5
FNDA:18,isValid
FNDA:18,luhnChecking
FNDA:288,(anonymous_2)
FNDA:270,sumDigit
FNDA:333,(anonymous_4)
DA:2,18
DA:10,18
DA:11,18
DA:13,18
DA:14,15
DA:15,45
DA:16,15
DA:20,3
DA:24,288
DA:26,18
DA:27,18
DA:28,18
DA:29,270
DA:30,126
DA:32,144
DA:35,18
DA:39,333
DA:40,270
LF:18
LH:18
BRDA:13,0,0,15
BRDA:13,0,1,3
BRDA:15,1,0,15
BRDA:15,1,1,30
BRDA:29,2,0,126
BRDA:29,2,1,144
BRF:6
BRH:6
end_of_record
